PC: 00000000	SP: 00000000	A: 00000000	B: 00000000 ldc 6
PC: 00000001	SP: 00000000	A: 00000006	B: 00000000 stl 0
PC: 00000002	SP: 00000000	A: 00000000	B: 00000000 ldc 1023
PC: 00000003	SP: 00000000	A: 000003ff	B: 00000000 stl 1
PC: 00000004	SP: 00000000	A: 00000000	B: 00000000 ldc 2047
PC: 00000005	SP: 00000000	A: 000007ff	B: 00000000 stl 2
PC: 00000006	SP: 00000000	A: 00000000	B: 00000000 ldc 511
PC: 00000007	SP: 00000000	A: 000001ff	B: 00000000 stl 3
PC: 00000008	SP: 00000000	A: 00000000	B: 00000000 ldc 4095
PC: 00000009	SP: 00000000	A: 00000fff	B: 00000000 stl 4
PC: 0000000a	SP: 00000000	A: 00000000	B: 00000000 ldc 255
PC: 0000000b	SP: 00000000	A: 000000ff	B: 00000000 stl 5
PC: 0000000c	SP: 00000000	A: 00000000	B: 00000000 ldl 0
PC: 0000000d	SP: 00000000	A: 00000006	B: 00000000 adc -1
PC: 0000000e	SP: 00000000	A: 00000005	B: 00000000 brz 29
PC: 0000000f	SP: 00000000	A: 00000005	B: 00000000 stl 0
PC: 00000010	SP: 00000000	A: 00000000	B: 00000000 ldc 1
PC: 00000011	SP: 00000000	A: 00000001	B: 00000000 stl 6
PC: 00000012	SP: 00000000	A: 00000000	B: 00000000 ldl 0
PC: 00000013	SP: 00000000	A: 00000005	B: 00000000 ldl 6
PC: 00000014	SP: 00000000	A: 00000001	B: 00000005 sub 0
PC: 00000015	SP: 00000000	A: 00000004	B: 00000005 brz -10
PC: 00000016	SP: 00000000	A: 00000004	B: 00000005 ldl 6
PC: 00000017	SP: 00000000	A: 00000001	B: 00000004 ldnl 0
PC: 00000018	SP: 00000000	A: 000003ff	B: 00000004 ldl 6
PC: 00000019	SP: 00000000	A: 00000001	B: 000003ff adc 1
PC: 0000001a	SP: 00000000	A: 00000002	B: 000003ff ldnl 0
PC: 0000001b	SP: 00000000	A: 000007ff	B: 000003ff sub 0
PC: 0000001c	SP: 00000000	A: fffffc00	B: 000003ff brlz 10
PC: 00000027	SP: 00000000	A: fffffc00	B: 000003ff ldc 1
PC: 00000028	SP: 00000000	A: 00000001	B: fffffc00 ldl 6
PC: 00000029	SP: 00000000	A: 00000001	B: 00000001 add 0
PC: 0000002a	SP: 00000000	A: 00000002	B: 00000001 stl 6
PC: 0000002b	SP: 00000000	A: 00000001	B: 00000001 br -26
PC: 00000012	SP: 00000000	A: 00000001	B: 00000001 ldl 0
PC: 00000013	SP: 00000000	A: 00000005	B: 00000001 ldl 6
PC: 00000014	SP: 00000000	A: 00000002	B: 00000005 sub 0
PC: 00000015	SP: 00000000	A: 00000003	B: 00000005 brz -10
PC: 00000016	SP: 00000000	A: 00000003	B: 00000005 ldl 6
PC: 00000017	SP: 00000000	A: 00000002	B: 00000003 ldnl 0
PC: 00000018	SP: 00000000	A: 000007ff	B: 00000003 ldl 6
PC: 00000019	SP: 00000000	A: 00000002	B: 000007ff adc 1
PC: 0000001a	SP: 00000000	A: 00000003	B: 000007ff ldnl 0
PC: 0000001b	SP: 00000000	A: 000001ff	B: 000007ff sub 0
PC: 0000001c	SP: 00000000	A: 00000600	B: 000007ff brlz 10
PC: 0000001d	SP: 00000000	A: 00000600	B: 000007ff ldl 6
PC: 0000001e	SP: 00000000	A: 00000002	B: 00000600 ldnl 0
PC: 0000001f	SP: 00000000	A: 000007ff	B: 00000600 stl 7
PC: 00000020	SP: 00000000	A: 00000600	B: 00000600 ldl 6
PC: 00000021	SP: 00000000	A: 00000002	B: 00000600 ldnl 1
PC: 00000022	SP: 00000000	A: 000001ff	B: 00000600 ldl 6
PC: 00000023	SP: 00000000	A: 00000002	B: 000001ff stnl 0
PC: 00000024	SP: 00000000	A: 00000002	B: 000001ff ldl 7
PC: 00000025	SP: 00000000	A: 000007ff	B: 00000002 ldl 6
PC: 00000026	SP: 00000000	A: 00000002	B: 000007ff stnl 1
PC: 00000027	SP: 00000000	A: 00000002	B: 000007ff ldc 1
PC: 00000028	SP: 00000000	A: 00000001	B: 00000002 ldl 6
PC: 00000029	SP: 00000000	A: 00000002	B: 00000001 add 0
PC: 0000002a	SP: 00000000	A: 00000003	B: 00000001 stl 6
PC: 0000002b	SP: 00000000	A: 00000001	B: 00000001 br -26
PC: 00000012	SP: 00000000	A: 00000001	B: 00000001 ldl 0
PC: 00000013	SP: 00000000	A: 00000005	B: 00000001 ldl 6
PC: 00000014	SP: 00000000	A: 00000003	B: 00000005 sub 0
PC: 00000015	SP: 00000000	A: 00000002	B: 00000005 brz -10
PC: 00000016	SP: 00000000	A: 00000002	B: 00000005 ldl 6
PC: 00000017	SP: 00000000	A: 00000003	B: 00000002 ldnl 0
PC: 00000018	SP: 00000000	A: 000007ff	B: 00000002 ldl 6
PC: 00000019	SP: 00000000	A: 00000003	B: 000007ff adc 1
PC: 0000001a	SP: 00000000	A: 00000004	B: 000007ff ldnl 0
PC: 0000001b	SP: 00000000	A: 00000fff	B: 000007ff sub 0
PC: 0000001c	SP: 00000000	A: fffff800	B: 000007ff brlz 10
PC: 00000027	SP: 00000000	A: fffff800	B: 000007ff ldc 1
PC: 00000028	SP: 00000000	A: 00000001	B: fffff800 ldl 6
PC: 00000029	SP: 00000000	A: 00000003	B: 00000001 add 0
PC: 0000002a	SP: 00000000	A: 00000004	B: 00000001 stl 6
PC: 0000002b	SP: 00000000	A: 00000001	B: 00000001 br -26
PC: 00000012	SP: 00000000	A: 00000001	B: 00000001 ldl 0
PC: 00000013	SP: 00000000	A: 00000005	B: 00000001 ldl 6
PC: 00000014	SP: 00000000	A: 00000004	B: 00000005 sub 0
PC: 00000015	SP: 00000000	A: 00000001	B: 00000005 brz -10
PC: 00000016	SP: 00000000	A: 00000001	B: 00000005 ldl 6
PC: 00000017	SP: 00000000	A: 00000004	B: 00000001 ldnl 0
PC: 00000018	SP: 00000000	A: 00000fff	B: 00000001 ldl 6
PC: 00000019	SP: 00000000	A: 00000004	B: 00000fff adc 1
PC: 0000001a	SP: 00000000	A: 00000005	B: 00000fff ldnl 0
PC: 0000001b	SP: 00000000	A: 000000ff	B: 00000fff sub 0
PC: 0000001c	SP: 00000000	A: 00000f00	B: 00000fff brlz 10
PC: 0000001d	SP: 00000000	A: 00000f00	B: 00000fff ldl 6
PC: 0000001e	SP: 00000000	A: 00000004	B: 00000f00 ldnl 0
PC: 0000001f	SP: 00000000	A: 00000fff	B: 00000f00 stl 7
PC: 00000020	SP: 00000000	A: 00000f00	B: 00000f00 ldl 6
PC: 00000021	SP: 00000000	A: 00000004	B: 00000f00 ldnl 1
PC: 00000022	SP: 00000000	A: 000000ff	B: 00000f00 ldl 6
PC: 00000023	SP: 00000000	A: 00000004	B: 000000ff stnl 0
PC: 00000024	SP: 00000000	A: 00000004	B: 000000ff ldl 7
PC: 00000025	SP: 00000000	A: 00000fff	B: 00000004 ldl 6
PC: 00000026	SP: 00000000	A: 00000004	B: 00000fff stnl 1
PC: 00000027	SP: 00000000	A: 00000004	B: 00000fff ldc 1
PC: 00000028	SP: 00000000	A: 00000001	B: 00000004 ldl 6
PC: 00000029	SP: 00000000	A: 00000004	B: 00000001 add 0
PC: 0000002a	SP: 00000000	A: 00000005	B: 00000001 stl 6
PC: 0000002b	SP: 00000000	A: 00000001	B: 00000001 br -26
PC: 00000012	SP: 00000000	A: 00000001	B: 00000001 ldl 0
PC: 00000013	SP: 00000000	A: 00000005	B: 00000001 ldl 6
PC: 00000014	SP: 00000000	A: 00000005	B: 00000005 sub 0
PC: 00000015	SP: 00000000	A: 00000000	B: 00000005 brz -10
PC: 0000000c	SP: 00000000	A: 00000000	B: 00000005 ldl 0
PC: 0000000d	SP: 00000000	A: 00000005	B: 00000000 adc -1
PC: 0000000e	SP: 00000000	A: 00000004	B: 00000000 brz 29
PC: 0000000f	SP: 00000000	A: 00000004	B: 00000000 stl 0
PC: 00000010	SP: 00000000	A: 00000000	B: 00000000 ldc 1
PC: 00000011	SP: 00000000	A: 00000001	B: 00000000 stl 6
PC: 00000012	SP: 00000000	A: 00000000	B: 00000000 ldl 0
PC: 00000013	SP: 00000000	A: 00000004	B: 00000000 ldl 6
PC: 00000014	SP: 00000000	A: 00000001	B: 00000004 sub 0
PC: 00000015	SP: 00000000	A: 00000003	B: 00000004 brz -10
PC: 00000016	SP: 00000000	A: 00000003	B: 00000004 ldl 6
PC: 00000017	SP: 00000000	A: 00000001	B: 00000003 ldnl 0
PC: 00000018	SP: 00000000	A: 000003ff	B: 00000003 ldl 6
PC: 00000019	SP: 00000000	A: 00000001	B: 000003ff adc 1
PC: 0000001a	SP: 00000000	A: 00000002	B: 000003ff ldnl 0
PC: 0000001b	SP: 00000000	A: 000001ff	B: 000003ff sub 0
PC: 0000001c	SP: 00000000	A: 00000200	B: 000003ff brlz 10
PC: 0000001d	SP: 00000000	A: 00000200	B: 000003ff ldl 6
PC: 0000001e	SP: 00000000	A: 00000001	B: 00000200 ldnl 0
PC: 0000001f	SP: 00000000	A: 000003ff	B: 00000200 stl 7
PC: 00000020	SP: 00000000	A: 00000200	B: 00000200 ldl 6
PC: 00000021	SP: 00000000	A: 00000001	B: 00000200 ldnl 1
PC: 00000022	SP: 00000000	A: 000001ff	B: 00000200 ldl 6
PC: 00000023	SP: 00000000	A: 00000001	B: 000001ff stnl 0
PC: 00000024	SP: 00000000	A: 00000001	B: 000001ff ldl 7
PC: 00000025	SP: 00000000	A: 000003ff	B: 00000001 ldl 6
PC: 00000026	SP: 00000000	A: 00000001	B: 000003ff stnl 1
PC: 00000027	SP: 00000000	A: 00000001	B: 000003ff ldc 1
PC: 00000028	SP: 00000000	A: 00000001	B: 00000001 ldl 6
PC: 00000029	SP: 00000000	A: 00000001	B: 00000001 add 0
PC: 0000002a	SP: 00000000	A: 00000002	B: 00000001 stl 6
PC: 0000002b	SP: 00000000	A: 00000001	B: 00000001 br -26
PC: 00000012	SP: 00000000	A: 00000001	B: 00000001 ldl 0
PC: 00000013	SP: 00000000	A: 00000004	B: 00000001 ldl 6
PC: 00000014	SP: 00000000	A: 00000002	B: 00000004 sub 0
PC: 00000015	SP: 00000000	A: 00000002	B: 00000004 brz -10
PC: 00000016	SP: 00000000	A: 00000002	B: 00000004 ldl 6
PC: 00000017	SP: 00000000	A: 00000002	B: 00000002 ldnl 0
PC: 00000018	SP: 00000000	A: 000003ff	B: 00000002 ldl 6
PC: 00000019	SP: 00000000	A: 00000002	B: 000003ff adc 1
PC: 0000001a	SP: 00000000	A: 00000003	B: 000003ff ldnl 0
PC: 0000001b	SP: 00000000	A: 000007ff	B: 000003ff sub 0
PC: 0000001c	SP: 00000000	A: fffffc00	B: 000003ff brlz 10
PC: 00000027	SP: 00000000	A: fffffc00	B: 000003ff ldc 1
PC: 00000028	SP: 00000000	A: 00000001	B: fffffc00 ldl 6
PC: 00000029	SP: 00000000	A: 00000002	B: 00000001 add 0
PC: 0000002a	SP: 00000000	A: 00000003	B: 00000001 stl 6
PC: 0000002b	SP: 00000000	A: 00000001	B: 00000001 br -26
PC: 00000012	SP: 00000000	A: 00000001	B: 00000001 ldl 0
PC: 00000013	SP: 00000000	A: 00000004	B: 00000001 ldl 6
PC: 00000014	SP: 00000000	A: 00000003	B: 00000004 sub 0
PC: 00000015	SP: 00000000	A: 00000001	B: 00000004 brz -10
PC: 00000016	SP: 00000000	A: 00000001	B: 00000004 ldl 6
PC: 00000017	SP: 00000000	A: 00000003	B: 00000001 ldnl 0
PC: 00000018	SP: 00000000	A: 000007ff	B: 00000001 ldl 6
PC: 00000019	SP: 00000000	A: 00000003	B: 000007ff adc 1
PC: 0000001a	SP: 00000000	A: 00000004	B: 000007ff ldnl 0
PC: 0000001b	SP: 00000000	A: 000000ff	B: 000007ff sub 0
PC: 0000001c	SP: 00000000	A: 00000700	B: 000007ff brlz 10
PC: 0000001d	SP: 00000000	A: 00000700	B: 000007ff ldl 6
PC: 0000001e	SP: 00000000	A: 00000003	B: 00000700 ldnl 0
PC: 0000001f	SP: 00000000	A: 000007ff	B: 00000700 stl 7
PC: 00000020	SP: 00000000	A: 00000700	B: 00000700 ldl 6
PC: 00000021	SP: 00000000	A: 00000003	B: 00000700 ldnl 1
PC: 00000022	SP: 00000000	A: 000000ff	B: 00000700 ldl 6
PC: 00000023	SP: 00000000	A: 00000003	B: 000000ff stnl 0
PC: 00000024	SP: 00000000	A: 00000003	B: 000000ff ldl 7
PC: 00000025	SP: 00000000	A: 000007ff	B: 00000003 ldl 6
PC: 00000026	SP: 00000000	A: 00000003	B: 000007ff stnl 1
PC: 00000027	SP: 00000000	A: 00000003	B: 000007ff ldc 1
PC: 00000028	SP: 00000000	A: 00000001	B: 00000003 ldl 6
PC: 00000029	SP: 00000000	A: 00000003	B: 00000001 add 0
PC: 0000002a	SP: 00000000	A: 00000004	B: 00000001 stl 6
PC: 0000002b	SP: 00000000	A: 00000001	B: 00000001 br -26
PC: 00000012	SP: 00000000	A: 00000001	B: 00000001 ldl 0
PC: 00000013	SP: 00000000	A: 00000004	B: 00000001 ldl 6
PC: 00000014	SP: 00000000	A: 00000004	B: 00000004 sub 0
PC: 00000015	SP: 00000000	A: 00000000	B: 00000004 brz -10
PC: 0000000c	SP: 00000000	A: 00000000	B: 00000004 ldl 0
PC: 0000000d	SP: 00000000	A: 00000004	B: 00000000 adc -1
PC: 0000000e	SP: 00000000	A: 00000003	B: 00000000 brz 29
PC: 0000000f	SP: 00000000	A: 00000003	B: 00000000 stl 0
PC: 00000010	SP: 00000000	A: 00000000	B: 00000000 ldc 1
PC: 00000011	SP: 00000000	A: 00000001	B: 00000000 stl 6
PC: 00000012	SP: 00000000	A: 00000000	B: 00000000 ldl 0
PC: 00000013	SP: 00000000	A: 00000003	B: 00000000 ldl 6
PC: 00000014	SP: 00000000	A: 00000001	B: 00000003 sub 0
PC: 00000015	SP: 00000000	A: 00000002	B: 00000003 brz -10
PC: 00000016	SP: 00000000	A: 00000002	B: 00000003 ldl 6
PC: 00000017	SP: 00000000	A: 00000001	B: 00000002 ldnl 0
PC: 00000018	SP: 00000000	A: 000001ff	B: 00000002 ldl 6
PC: 00000019	SP: 00000000	A: 00000001	B: 000001ff adc 1
PC: 0000001a	SP: 00000000	A: 00000002	B: 000001ff ldnl 0
PC: 0000001b	SP: 00000000	A: 000003ff	B: 000001ff sub 0
PC: 0000001c	SP: 00000000	A: fffffe00	B: 000001ff brlz 10
PC: 00000027	SP: 00000000	A: fffffe00	B: 000001ff ldc 1
PC: 00000028	SP: 00000000	A: 00000001	B: fffffe00 ldl 6
PC: 00000029	SP: 00000000	A: 00000001	B: 00000001 add 0
PC: 0000002a	SP: 00000000	A: 00000002	B: 00000001 stl 6
PC: 0000002b	SP: 00000000	A: 00000001	B: 00000001 br -26
PC: 00000012	SP: 00000000	A: 00000001	B: 00000001 ldl 0
PC: 00000013	SP: 00000000	A: 00000003	B: 00000001 ldl 6
PC: 00000014	SP: 00000000	A: 00000002	B: 00000003 sub 0
PC: 00000015	SP: 00000000	A: 00000001	B: 00000003 brz -10
PC: 00000016	SP: 00000000	A: 00000001	B: 00000003 ldl 6
PC: 00000017	SP: 00000000	A: 00000002	B: 00000001 ldnl 0
PC: 00000018	SP: 00000000	A: 000003ff	B: 00000001 ldl 6
PC: 00000019	SP: 00000000	A: 00000002	B: 000003ff adc 1
PC: 0000001a	SP: 00000000	A: 00000003	B: 000003ff ldnl 0
PC: 0000001b	SP: 00000000	A: 000000ff	B: 000003ff sub 0
PC: 0000001c	SP: 00000000	A: 00000300	B: 000003ff brlz 10
PC: 0000001d	SP: 00000000	A: 00000300	B: 000003ff ldl 6
PC: 0000001e	SP: 00000000	A: 00000002	B: 00000300 ldnl 0
PC: 0000001f	SP: 00000000	A: 000003ff	B: 00000300 stl 7
PC: 00000020	SP: 00000000	A: 00000300	B: 00000300 ldl 6
PC: 00000021	SP: 00000000	A: 00000002	B: 00000300 ldnl 1
PC: 00000022	SP: 00000000	A: 000000ff	B: 00000300 ldl 6
PC: 00000023	SP: 00000000	A: 00000002	B: 000000ff stnl 0
PC: 00000024	SP: 00000000	A: 00000002	B: 000000ff ldl 7
PC: 00000025	SP: 00000000	A: 000003ff	B: 00000002 ldl 6
PC: 00000026	SP: 00000000	A: 00000002	B: 000003ff stnl 1
PC: 00000027	SP: 00000000	A: 00000002	B: 000003ff ldc 1
PC: 00000028	SP: 00000000	A: 00000001	B: 00000002 ldl 6
PC: 00000029	SP: 00000000	A: 00000002	B: 00000001 add 0
PC: 0000002a	SP: 00000000	A: 00000003	B: 00000001 stl 6
PC: 0000002b	SP: 00000000	A: 00000001	B: 00000001 br -26
PC: 00000012	SP: 00000000	A: 00000001	B: 00000001 ldl 0
PC: 00000013	SP: 00000000	A: 00000003	B: 00000001 ldl 6
PC: 00000014	SP: 00000000	A: 00000003	B: 00000003 sub 0
PC: 00000015	SP: 00000000	A: 00000000	B: 00000003 brz -10
PC: 0000000c	SP: 00000000	A: 00000000	B: 00000003 ldl 0
PC: 0000000d	SP: 00000000	A: 00000003	B: 00000000 adc -1
PC: 0000000e	SP: 00000000	A: 00000002	B: 00000000 brz 29
PC: 0000000f	SP: 00000000	A: 00000002	B: 00000000 stl 0
PC: 00000010	SP: 00000000	A: 00000000	B: 00000000 ldc 1
PC: 00000011	SP: 00000000	A: 00000001	B: 00000000 stl 6
PC: 00000012	SP: 00000000	A: 00000000	B: 00000000 ldl 0
PC: 00000013	SP: 00000000	A: 00000002	B: 00000000 ldl 6
PC: 00000014	SP: 00000000	A: 00000001	B: 00000002 sub 0
PC: 00000015	SP: 00000000	A: 00000001	B: 00000002 brz -10
PC: 00000016	SP: 00000000	A: 00000001	B: 00000002 ldl 6
PC: 00000017	SP: 00000000	A: 00000001	B: 00000001 ldnl 0
PC: 00000018	SP: 00000000	A: 000001ff	B: 00000001 ldl 6
PC: 00000019	SP: 00000000	A: 00000001	B: 000001ff adc 1
PC: 0000001a	SP: 00000000	A: 00000002	B: 000001ff ldnl 0
PC: 0000001b	SP: 00000000	A: 000000ff	B: 000001ff sub 0
PC: 0000001c	SP: 00000000	A: 00000100	B: 000001ff brlz 10
PC: 0000001d	SP: 00000000	A: 00000100	B: 000001ff ldl 6
PC: 0000001e	SP: 00000000	A: 00000001	B: 00000100 ldnl 0
PC: 0000001f	SP: 00000000	A: 000001ff	B: 00000100 stl 7
PC: 00000020	SP: 00000000	A: 00000100	B: 00000100 ldl 6
PC: 00000021	SP: 00000000	A: 00000001	B: 00000100 ldnl 1
PC: 00000022	SP: 00000000	A: 000000ff	B: 00000100 ldl 6
PC: 00000023	SP: 00000000	A: 00000001	B: 000000ff stnl 0
PC: 00000024	SP: 00000000	A: 00000001	B: 000000ff ldl 7
PC: 00000025	SP: 00000000	A: 000001ff	B: 00000001 ldl 6
PC: 00000026	SP: 00000000	A: 00000001	B: 000001ff stnl 1
PC: 00000027	SP: 00000000	A: 00000001	B: 000001ff ldc 1
PC: 00000028	SP: 00000000	A: 00000001	B: 00000001 ldl 6
PC: 00000029	SP: 00000000	A: 00000001	B: 00000001 add 0
PC: 0000002a	SP: 00000000	A: 00000002	B: 00000001 stl 6
PC: 0000002b	SP: 00000000	A: 00000001	B: 00000001 br -26
PC: 00000012	SP: 00000000	A: 00000001	B: 00000001 ldl 0
PC: 00000013	SP: 00000000	A: 00000002	B: 00000001 ldl 6
PC: 00000014	SP: 00000000	A: 00000002	B: 00000002 sub 0
PC: 00000015	SP: 00000000	A: 00000000	B: 00000002 brz -10
PC: 0000000c	SP: 00000000	A: 00000000	B: 00000002 ldl 0
PC: 0000000d	SP: 00000000	A: 00000002	B: 00000000 adc -1
PC: 0000000e	SP: 00000000	A: 00000001	B: 00000000 brz 29
PC: 0000000f	SP: 00000000	A: 00000001	B: 00000000 stl 0
PC: 00000010	SP: 00000000	A: 00000000	B: 00000000 ldc 1
PC: 00000011	SP: 00000000	A: 00000001	B: 00000000 stl 6
PC: 00000012	SP: 00000000	A: 00000000	B: 00000000 ldl 0
PC: 00000013	SP: 00000000	A: 00000001	B: 00000000 ldl 6
PC: 00000014	SP: 00000000	A: 00000001	B: 00000001 sub 0
PC: 00000015	SP: 00000000	A: 00000000	B: 00000001 brz -10
PC: 0000000c	SP: 00000000	A: 00000000	B: 00000001 ldl 0
PC: 0000000d	SP: 00000000	A: 00000001	B: 00000000 adc -1
PC: 0000000e	SP: 00000000	A: 00000000	B: 00000000 brz 29
PC: 0000002c	SP: 00000000	A: 00000000	B: 00000000 HALT 0
286 instructions executed
